Test user created: test@klarfix.com / test123
Starting server...
12:52:52 PM [express] serving on port 3000
Error:   Failed to scan for dependencies from entries:
  /home/runner/workspace/client/index.html

  ✘ [ERROR] The symbol "useLocation" has already been declared

    client/src/pages/admin.tsx:346:9:
      346 │ import { useLocation } from "wouter";
          ╵          ~~~~~~~~~~~

  The symbol "useLocation" was originally declared here:

    client/src/pages/admin.tsx:27:9:
      27 │ function useLocation() {
         ╵          ~~~~~~~~~~~


✘ [ERROR] Multiple exports with the same name "default"

    client/src/pages/admin.tsx:376:7:
      376 │ export default function AdminPage() {
          ╵        ~~~~~~~

  The name "default" was originally exported here:

    client/src/pages/admin.tsx:44:7:
      44 │ export default function AdminPage() {
         ╵        ~~~~~~~


✘ [ERROR] The symbol "AdminPage" has already been declared

    client/src/pages/admin.tsx:376:24:
      376 │ export default function AdminPage() {
          ╵                         ~~~~~~~~~

  The symbol "AdminPage" was originally declared here:

    client/src/pages/admin.tsx:44:24:
      44 │ export default function AdminPage() {
         ╵                         ~~~~~~~~~

  Duplicate top-level function declarations are not allowed in an ECMAScript module. This file is considered to be an ECMAScript module because of the "export" keyword here:

    client/src/pages/admin.tsx:376:0:
      376 │ export default function AdminPage() {
          ╵ ~~~~~~


    at failureErrorWithLog (/home/runner/workspace/node_modules/vite/node_modules/esbuild/lib/main.js:1472:15)
    at /home/runner/workspace/node_modules/vite/node_modules/esbuild/lib/main.js:945:25
    at runOnEndCallbacks (/home/runner/workspace/node_modules/vite/node_modules/esbuild/lib/main.js:1315:45)
    at buildResponseToResult (/home/runner/workspace/node_modules/vite/node_modules/esbuild/lib/main.js:943:7)
    at /home/runner/workspace/node_modules/vite/node_modules/esbuild/lib/main.js:955:9
    at new Promise (<anonymous>)
    at requestCallbacks.on-end (/home/runner/workspace/node_modules/vite/node_modules/esbuild/lib/main.js:954:54)
    at handleRequest (/home/runner/workspace/node_modules/vite/node_modules/esbuild/lib/main.js:647:17)
    at handleIncomingPacket (/home/runner/workspace/node_modules/vite/node_modules/esbuild/lib/main.js:672:7)
    at Socket.readFromStdout (/home/runner/workspace/node_modules/vite/node_modules/esbuild/lib/main.js:600:7)
    at Socket.emit (node:events:518:28)
    at addChunk (node:internal/streams/readable:561:12)
    at readableAddChunkPushByteMode (node:internal/streams/readable:512:3)
    at Readable.push (node:internal/streams/readable:392:5)
    at Pipe.onStreamRead (node:internal/stream_base_commons:191:23)